<?xml version="1.0" encoding="UTF-8"?>
<!-- Generated by org.testng.reporters.JUnitReportReporter -->
<testsuite hostname="LAPTOP-R9SPVK9V" failures="0" tests="1" name="com.DemoProjecteCommerce2TestCases.TC01_DressesLinkTestCase_001" time="2.793" errors="0" timestamp="2020-11-16T14:45:26 EST" skipped="0">
  <testcase classname="com.DemoProjecteCommerce2TestCases.TC01_DressesLinkTestCase_001" name="dressesLinkHomePageValidation" time="2.793"/>
  <system-out/>
</testsuite> <!-- com.DemoProjecteCommerce2TestCases.TC01_DressesLinkTestCase_001 -->
