<?xml version="1.0" encoding="UTF-8"?>
<!-- Generated by org.testng.reporters.JUnitReportReporter -->
<testsuite skipped="0" hostname="LAPTOP-R9SPVK9V" name="com.DemoProjecteCommerce2TestCases.TC3_AddToCartItemTestCase_003" tests="1" failures="0" timestamp="2020-11-07T15:25:09 EST" time="23.481" errors="0">
  <testcase name="addToCartTest" time="23.481" classname="com.DemoProjecteCommerce2TestCases.TC3_AddToCartItemTestCase_003"/>
  <system-out/>
</testsuite> <!-- com.DemoProjecteCommerce2TestCases.TC3_AddToCartItemTestCase_003 -->
