<?xml version="1.0" encoding="UTF-8"?>
<!-- Generated by org.testng.reporters.JUnitReportReporter -->
<testsuite hostname="LAPTOP-R9SPVK9V" failures="0" tests="2" name="com.DemoProjecteCommerce2TestCases.TC1_eCommerceLoginTestCase_001" time="33.609" errors="0" timestamp="2020-11-16T14:45:26 EST" skipped="0">
  <testcase classname="com.DemoProjecteCommerce2TestCases.TC1_eCommerceLoginTestCase_001" name="addToCard" time="21.681"/>
  <system-out/>
  <testcase classname="com.DemoProjecteCommerce2TestCases.TC1_eCommerceLoginTestCase_001" name="loginTest" time="11.928"/>
  <system-out/>
</testsuite> <!-- com.DemoProjecteCommerce2TestCases.TC1_eCommerceLoginTestCase_001 -->
