<?xml version="1.0" encoding="UTF-8"?>
<!-- Generated by org.testng.reporters.JUnitReportReporter -->
<testsuite skipped="0" hostname="LAPTOP-R9SPVK9V" name="com.DemoProjecteCommerce2TestCases.TC1_eCommerceLoginTestCase_001" tests="2" failures="0" timestamp="2020-11-07T15:25:09 EST" time="34.375" errors="0">
  <testcase name="addToCard" time="22.003" classname="com.DemoProjecteCommerce2TestCases.TC1_eCommerceLoginTestCase_001"/>
  <system-out/>
  <testcase name="loginTest" time="12.372" classname="com.DemoProjecteCommerce2TestCases.TC1_eCommerceLoginTestCase_001"/>
  <system-out/>
</testsuite> <!-- com.DemoProjecteCommerce2TestCases.TC1_eCommerceLoginTestCase_001 -->
