<?xml version="1.0" encoding="UTF-8"?>
<!-- Generated by org.testng.reporters.JUnitReportReporter -->
<testsuite hostname="LAPTOP-R9SPVK9V" failures="0" tests="1" name="com.DemoProjecteCommerce2TestCases.TC03_WebLogoHomePageTestCase_001" time="0.054" errors="0" timestamp="2020-11-16T14:45:26 EST" skipped="0">
  <testcase classname="com.DemoProjecteCommerce2TestCases.TC03_WebLogoHomePageTestCase_001" name="logoWebHomePageTest" time="0.054"/>
  <system-out/>
</testsuite> <!-- com.DemoProjecteCommerce2TestCases.TC03_WebLogoHomePageTestCase_001 -->
