<?xml version="1.0" encoding="UTF-8"?>
<!-- Generated by org.testng.reporters.JUnitReportReporter -->
<testsuite hostname="LAPTOP-R9SPVK9V" failures="0" tests="1" name="com.DemoProjecteCommerce2TestCases.TC02_TsShirtLinkHomePageTestCase_001" time="1.087" errors="0" timestamp="2020-11-16T14:45:26 EST" skipped="0">
  <testcase classname="com.DemoProjecteCommerce2TestCases.TC02_TsShirtLinkHomePageTestCase_001" name="tsShirtLinkHomePageTest" time="1.087"/>
  <system-out/>
</testsuite> <!-- com.DemoProjecteCommerce2TestCases.TC02_TsShirtLinkHomePageTestCase_001 -->
