<?xml version="1.0" encoding="UTF-8"?>
<!-- Generated by org.testng.reporters.JUnitReportReporter -->
<testsuite hostname="LAPTOP-R9SPVK9V" failures="0" tests="1" name="com.DemoProjecteCommerce2TestCases.TC01_DressesLinkTestCase_001" time="0.876" errors="0" timestamp="2020-11-22T13:03:43 EST" skipped="0">
  <testcase classname="com.DemoProjecteCommerce2TestCases.TC01_DressesLinkTestCase_001" name="dressesLinkHomePageValidation" time="0.876"/>
  <system-out/>
</testsuite> <!-- com.DemoProjecteCommerce2TestCases.TC01_DressesLinkTestCase_001 -->
