<?xml version="1.0" encoding="UTF-8"?>
<!-- Generated by org.testng.reporters.JUnitReportReporter -->
<testsuite skipped="0" hostname="LAPTOP-R9SPVK9V" name="com.DemoProjecteCommerce2TestCases.TC03_WebLogoHomePageTestCase_001" tests="1" failures="0" timestamp="2020-11-07T15:25:09 EST" time="0.047" errors="0">
  <testcase name="logoWebHomePageTest" time="0.047" classname="com.DemoProjecteCommerce2TestCases.TC03_WebLogoHomePageTestCase_001"/>
  <system-out/>
</testsuite> <!-- com.DemoProjecteCommerce2TestCases.TC03_WebLogoHomePageTestCase_001 -->
