<?xml version="1.0" encoding="UTF-8"?>
<!-- Generated by org.testng.reporters.JUnitReportReporter -->
<testsuite hostname="LAPTOP-R9SPVK9V" failures="0" tests="1" name="com.DemoProjecteCommerce2TestCases.TC04_CartImageHomePageTestCase_001" time="0.696" errors="0" timestamp="2020-11-19T03:44:52 EST" skipped="0">
  <testcase classname="com.DemoProjecteCommerce2TestCases.TC04_CartImageHomePageTestCase_001" name="cartImageTestValidation" time="0.696"/>
  <system-out/>
</testsuite> <!-- com.DemoProjecteCommerce2TestCases.TC04_CartImageHomePageTestCase_001 -->
