<?xml version="1.0" encoding="UTF-8"?>
<!-- Generated by org.testng.reporters.JUnitReportReporter -->
<testsuite hostname="LAPTOP-R9SPVK9V" failures="0" tests="2" name="com.DemoProjecteCommerce2TestCases.TC1_eCommerceLoginTestCase_001" time="35.491" errors="0" timestamp="2020-11-12T10:21:29 EST" skipped="0">
  <testcase classname="com.DemoProjecteCommerce2TestCases.TC1_eCommerceLoginTestCase_001" name="addToCard" time="22.535"/>
  <system-out/>
  <testcase classname="com.DemoProjecteCommerce2TestCases.TC1_eCommerceLoginTestCase_001" name="loginTest" time="12.956"/>
  <system-out/>
</testsuite> <!-- com.DemoProjecteCommerce2TestCases.TC1_eCommerceLoginTestCase_001 -->
