<?xml version="1.0" encoding="UTF-8"?>
<!-- Generated by org.testng.reporters.JUnitReportReporter -->
<testsuite hostname="LAPTOP-R9SPVK9V" failures="0" tests="1" name="com.DemoProjecteCommerce2TestCases.TC3_AddToCartItemTestCase_003" time="23.980" errors="0" timestamp="2020-11-13T01:39:43 EST" skipped="0">
  <testcase classname="com.DemoProjecteCommerce2TestCases.TC3_AddToCartItemTestCase_003" name="addToCartTest" time="23.980"/>
  <system-out/>
</testsuite> <!-- com.DemoProjecteCommerce2TestCases.TC3_AddToCartItemTestCase_003 -->
